{
  "RSpec": {
    "coverage": {
      "/Users/macadocious/dev/the-joe/app/models/user.rb": [
        1,
        null,
        1,
        1,
        1,
        null,
        1,
        1,
        null,
        1,
        2,
        2,
        null,
        null,
        null,
        1,
        0,
        null,
        null
      ],
      "/Users/macadocious/dev/the-joe/spec/features/fave_and_unfave.rb": [
        1,
        1,
        1,
        1,
        null,
        1,
        1,
        null,
        1,
        1,
        1,
        null,
        1,
        null,
        1,
        null,
        1,
        null,
        null,
        null,
        1,
        1,
        1,
        null,
        1,
        1,
        null,
        1,
        1,
        1,
        null,
        1,
        null,
        1,
        null,
        1,
        null,
        null
      ],
      "/Users/macadocious/dev/the-joe/app/models/shop.rb": [
        1,
        null,
        1,
        1,
        null,
        null
      ],
      "/Users/macadocious/dev/the-joe/spec/features/single_shop.rb": [
        1,
        null,
        1,
        2,
        1,
        1,
        null,
        1,
        1,
        1,
        1,
        1,
        1,
        1,
        1,
        1,
        1,
        1,
        1,
        1,
        1,
        1,
        1,
        1,
        null,
        null
      ],
      "/Users/macadocious/dev/the-joe/spec/features/user_page.rb": [
        1,
        1,
        1,
        1,
        1,
        null,
        1,
        1,
        1,
        null,
        1,
        1,
        1,
        1,
        null,
        1,
        1,
        null,
        1,
        1,
        1,
        null,
        1,
        null,
        1,
        null,
        null
      ],
      "/Users/macadocious/dev/the-joe/spec/features/view_shops.rb": [
        1,
        null,
        1,
        7,
        1,
        1,
        1,
        1,
        1,
        1,
        1,
        1,
        1,
        1,
        null,
        null,
        null
      ],
      "/Users/macadocious/dev/the-joe/app/controllers/shops_controller.rb": [
        1,
        null,
        1,
        1,
        null,
        1,
        1,
        1,
        null,
        null,
        1,
        5,
        null,
        null,
        1,
        2,
        2,
        2,
        2,
        null,
        0,
        null,
        null,
        null,
        null,
        1,
        0,
        0,
        0,
        0,
        null,
        0,
        null,
        null,
        null
      ],
      "/Users/macadocious/dev/the-joe/app/controllers/application_controller.rb": [
        1,
        null,
        null,
        1,
        null
      ],
      "/Users/macadocious/dev/the-joe/app/controllers/users_controller.rb": [
        1,
        null,
        1,
        null,
        1,
        8,
        null,
        1,
        6,
        null,
        null,
        1,
        1,
        null,
        1,
        1,
        1,
        null,
        0,
        null,
        null,
        1,
        null,
        1,
        0,
        0,
        0,
        null,
        0,
        null,
        null,
        1,
        0,
        0,
        0,
        0,
        null,
        0,
        null,
        null,
        null,
        1,
        null,
        1,
        1,
        null,
        1,
        7,
        null,
        null,
        1,
        7,
        0,
        null,
        null,
        null,
        1,
        7,
        null,
        1,
        7,
        0,
        null,
        null,
        null,
        null,
        null
      ],
      "/Users/macadocious/dev/the-joe/app/controllers/sessions_controller.rb": [
        1,
        null,
        1,
        null,
        null,
        1,
        6,
        null,
        6,
        5,
        5,
        null,
        1,
        null,
        null,
        null,
        null,
        1,
        0,
        0,
        null,
        null
      ]
    },
    "timestamp": 1387401656
  }
}
