{
  "RSpec": {
    "coverage": {
      "/Users/macadocious/dev/the-joe/app/models/drink.rb": [
        1,
        1,
        null,
        null
      ],
      "/Users/macadocious/dev/the-joe/spec/models/shop_spec.rb": [
        1,
        null,
        1,
        2,
        2,
        2,
        2,
        2,
        2,
        2,
        2,
        2,
        2,
        2,
        null
      ],
      "/Users/macadocious/dev/the-joe/app/models/shop.rb": [
        1,
        null,
        1,
        1,
        null,
        null
      ],
      "/Users/macadocious/dev/the-joe/spec/models/user_spec.rb": [
        1,
        null,
        1,
        10,
        2,
        2,
        null,
        2,
        null,
        null,
        1,
        2,
        2,
        null,
        1,
        1,
        1,
        null,
        null,
        null,
        1,
        2,
        2,
        null,
        2,
        null,
        1,
        1,
        1,
        null,
        null,
        null
      ],
      "/Users/macadocious/dev/the-joe/app/models/user.rb": [
        1,
        null,
        1,
        1,
        1,
        null,
        1,
        1,
        null,
        1,
        2,
        2,
        null,
        null,
        null,
        1,
        1,
        null,
        null
      ]
    },
    "timestamp": 1387838389
  }
}
